<?xml version="1.0" encoding="UTF-8"?>
<robot generator="Robot 3.1.1 (Python 3.9.1 on win32)" generated="20210224 10:17:39.139" rpa="false">
<suite id="s1" name="place Order" source="G:\RobotFramework\robot_for_performance_UI\5_test_cases\place_Order.robot">
<test id="s1-t1" name="Buy Stock Trading">
<kw name="[KW] Login" library="Login_Keywords">
<kw name="Open Browser" library="SeleniumLibrary">
<doc>Opens a new browser instance to the given ``url``.</doc>
<arguments>
<arg>${url}</arg>
<arg>${browser}</arg>
</arguments>
<msg timestamp="20210224 10:17:40.099" level="INFO">Opening browser 'chrome' to base url 'https://trading-uat.hsc.com.vn/'.</msg>
<status status="PASS" starttime="20210224 10:17:40.098" endtime="20210224 10:17:45.374"></status>
</kw>
<kw name="Maximize Browser Window" library="SeleniumLibrary">
<doc>Maximizes current browser window.</doc>
<status status="PASS" starttime="20210224 10:17:45.374" endtime="20210224 10:17:47.540"></status>
</kw>
<kw name="Click Element" library="SeleniumLibrary">
<doc>Click element identified by ``locator``.</doc>
<arguments>
<arg>${txt_Login}</arg>
</arguments>
<msg timestamp="20210224 10:17:47.541" level="INFO">Clicking element '//input[@class='ant-input ant-input-lg input-escape text-uppercase']'.</msg>
<status status="PASS" starttime="20210224 10:17:47.541" endtime="20210224 10:17:47.626"></status>
</kw>
<kw name="Input Text" library="SeleniumLibrary">
<doc>Types the given ``text`` into text field identified by ``locator``.</doc>
<arguments>
<arg>${txt_Login}</arg>
<arg>${USERNAME}</arg>
</arguments>
<msg timestamp="20210224 10:17:47.626" level="INFO">Typing text '005766' into text field '//input[@class='ant-input ant-input-lg input-escape text-uppercase']'.</msg>
<status status="PASS" starttime="20210224 10:17:47.626" endtime="20210224 10:17:47.751"></status>
</kw>
<kw name="Input Text" library="SeleniumLibrary">
<doc>Types the given ``text`` into text field identified by ``locator``.</doc>
<arguments>
<arg>${txt_Password}</arg>
<arg>${PASSWORD}</arg>
</arguments>
<msg timestamp="20210224 10:17:47.753" level="INFO">Typing text 'Test@1234' into text field '//input[@class='ant-input ant-input-lg input-escape passwords-mask ']'.</msg>
<status status="PASS" starttime="20210224 10:17:47.753" endtime="20210224 10:17:47.910"></status>
</kw>
<kw name="Click Element" library="SeleniumLibrary">
<doc>Click element identified by ``locator``.</doc>
<arguments>
<arg>${btn_Login}</arg>
</arguments>
<msg timestamp="20210224 10:17:47.910" level="INFO">Clicking element '//button[@class='ant-btn ant-btn-primary ant-btn-lg']'.</msg>
<status status="PASS" starttime="20210224 10:17:47.910" endtime="20210224 10:17:47.953"></status>
</kw>
<kw name="Sleep" library="BuiltIn">
<doc>Pauses the test executed for the given time.</doc>
<arguments>
<arg>5s</arg>
</arguments>
<msg timestamp="20210224 10:17:52.957" level="INFO">Slept 5 seconds</msg>
<status status="PASS" starttime="20210224 10:17:47.953" endtime="20210224 10:17:52.957"></status>
</kw>
<status status="PASS" starttime="20210224 10:17:40.098" endtime="20210224 10:17:52.957"></status>
</kw>
<kw name="[KW] Select StockID" library="Place_Order_Keywords">
<kw name="Click Element" library="SeleniumLibrary">
<doc>Click element identified by ``locator``.</doc>
<arguments>
<arg>${orderStockID}</arg>
</arguments>
<msg timestamp="20210224 10:17:52.958" level="INFO">Clicking element '//div[@row-index="0"]//div[@class="btnStockMenu"]'.</msg>
<status status="PASS" starttime="20210224 10:17:52.958" endtime="20210224 10:17:53.027"></status>
</kw>
<kw name="Get Text" library="SeleniumLibrary">
<doc>Returns the text value of element identified by ``locator``.</doc>
<arguments>
<arg>${orderStockID}</arg>
</arguments>
<assign>
<var>${maCK_1}</var>
</assign>
<msg timestamp="20210224 10:17:53.211" level="INFO">${maCK_1} = BID</msg>
<status status="PASS" starttime="20210224 10:17:53.027" endtime="20210224 10:17:53.211"></status>
</kw>
<kw name="Set Global Variable" library="BuiltIn">
<doc>Makes a variable available globally in all tests and suites.</doc>
<arguments>
<arg>${StocksID_order}</arg>
<arg>${maCK_1}</arg>
</arguments>
<msg timestamp="20210224 10:17:53.212" level="INFO">${StocksID_order} = BID</msg>
<status status="PASS" starttime="20210224 10:17:53.211" endtime="20210224 10:17:53.212"></status>
</kw>
<status status="PASS" starttime="20210224 10:17:52.958" endtime="20210224 10:17:53.212"></status>
</kw>
<kw name="[KW] Select Price" library="Place_Order_Keywords">
<kw name="Click Element" library="SeleniumLibrary">
<doc>Click element identified by ``locator``.</doc>
<arguments>
<arg>${orderPrice}</arg>
</arguments>
<msg timestamp="20210224 10:17:53.213" level="INFO">Clicking element '//div[@row-index="0"]//div[@col-id="BestOfferPrice1"]'.</msg>
<status status="PASS" starttime="20210224 10:17:53.213" endtime="20210224 10:17:53.300"></status>
</kw>
<kw name="Get Text" library="SeleniumLibrary">
<doc>Returns the text value of element identified by ``locator``.</doc>
<arguments>
<arg>${orderPrice}</arg>
</arguments>
<assign>
<var>${giaCK_1}</var>
</assign>
<msg timestamp="20210224 10:17:53.486" level="INFO">${giaCK_1} = 43.80</msg>
<status status="PASS" starttime="20210224 10:17:53.300" endtime="20210224 10:17:53.486"></status>
</kw>
<kw name="Set Global Variable" library="BuiltIn">
<doc>Makes a variable available globally in all tests and suites.</doc>
<arguments>
<arg>${Price_order}</arg>
<arg>${giaCK_1}</arg>
</arguments>
<msg timestamp="20210224 10:17:53.487" level="INFO">${Price_order} = 43.80</msg>
<status status="PASS" starttime="20210224 10:17:53.486" endtime="20210224 10:17:53.487"></status>
</kw>
<status status="PASS" starttime="20210224 10:17:53.213" endtime="20210224 10:17:53.487"></status>
</kw>
<kw name="[Common] - Input text into textbox" library="web_common_keywords">
<arguments>
<arg>${txt_Quantity}</arg>
<arg>${Quantity}</arg>
</arguments>
<kw name="Wait Until Keyword Succeeds" library="BuiltIn">
<doc>Runs the specified keyword and retries if it fails.</doc>
<arguments>
<arg>10s</arg>
<arg>1s</arg>
<arg>Element Should Be Visible</arg>
<arg>${textbox_loc}</arg>
</arguments>
<kw name="Element Should Be Visible" library="SeleniumLibrary">
<doc>Verifies that the element identified by ``locator`` is visible.</doc>
<arguments>
<arg>${textbox_loc}</arg>
</arguments>
<msg timestamp="20210224 10:17:53.672" level="INFO">Element '//input[@class="ant-input addon-input-locker text-lg"]' is displayed.</msg>
<status status="PASS" starttime="20210224 10:17:53.489" endtime="20210224 10:17:53.672"></status>
</kw>
<status status="PASS" starttime="20210224 10:17:53.488" endtime="20210224 10:17:53.672"></status>
</kw>
<kw name="Input Text" library="SeleniumLibrary">
<doc>Types the given ``text`` into text field identified by ``locator``.</doc>
<arguments>
<arg>${textbox_loc}</arg>
<arg>${text}</arg>
</arguments>
<msg timestamp="20210224 10:17:53.672" level="INFO">Typing text '100' into text field '//input[@class="ant-input addon-input-locker text-lg"]'.</msg>
<status status="PASS" starttime="20210224 10:17:53.672" endtime="20210224 10:17:53.806"></status>
</kw>
<status status="PASS" starttime="20210224 10:17:53.488" endtime="20210224 10:17:53.806"></status>
</kw>
<kw name="[KW] Click Button Buy" library="Place_Order_Keywords">
<kw name="Click Element" library="SeleniumLibrary">
<doc>Click element identified by ``locator``.</doc>
<arguments>
<arg>${btn_Buy}</arg>
</arguments>
<msg timestamp="20210224 10:17:53.807" level="INFO">Clicking element '//button[@class="ant-btn ant-btn-buy ant-btn-lg ant-btn-block"]'.</msg>
<status status="PASS" starttime="20210224 10:17:53.807" endtime="20210224 10:17:53.971"></status>
</kw>
<kw name="Wait Until Element Is Visible" library="SeleniumLibrary">
<doc>Waits until element ``locator`` is visible.</doc>
<arguments>
<arg>${btn_Confirm}</arg>
</arguments>
<status status="PASS" starttime="20210224 10:17:53.971" endtime="20210224 10:17:54.053"></status>
</kw>
<status status="PASS" starttime="20210224 10:17:53.807" endtime="20210224 10:17:54.053"></status>
</kw>
<kw name="[KW] Click Button Confirm Buy" library="Place_Order_Keywords">
<kw name="Click Element" library="SeleniumLibrary">
<doc>Click element identified by ``locator``.</doc>
<arguments>
<arg>${btn_Confirm}</arg>
</arguments>
<msg timestamp="20210224 10:17:54.054" level="INFO">Clicking element '//button[@class="ant-btn ant-btn-buy"]'.</msg>
<status status="PASS" starttime="20210224 10:17:54.054" endtime="20210224 10:17:54.099"></status>
</kw>
<kw name="Sleep" library="BuiltIn">
<doc>Pauses the test executed for the given time.</doc>
<arguments>
<arg>10s</arg>
</arguments>
<msg timestamp="20210224 10:18:04.102" level="INFO">Slept 10 seconds</msg>
<status status="PASS" starttime="20210224 10:17:54.100" endtime="20210224 10:18:04.102"></status>
</kw>
<status status="PASS" starttime="20210224 10:17:54.054" endtime="20210224 10:18:04.103"></status>
</kw>
<kw name="[KW] Verify Order Success" library="Place_Order_Keywords">
<kw name="Get Text" library="SeleniumLibrary">
<doc>Returns the text value of element identified by ``locator``.</doc>
<arguments>
<arg>${lb_StocksID}</arg>
</arguments>
<assign>
<var>${maCK_2}</var>
</assign>
<msg timestamp="20210224 10:18:04.145" level="INFO">${maCK_2} = BID</msg>
<status status="PASS" starttime="20210224 10:18:04.106" endtime="20210224 10:18:04.145"></status>
</kw>
<kw name="Get Text" library="SeleniumLibrary">
<doc>Returns the text value of element identified by ``locator``.</doc>
<arguments>
<arg>${lb_Price}</arg>
</arguments>
<assign>
<var>${giaCK_2}</var>
</assign>
<msg timestamp="20210224 10:18:04.165" level="INFO">${giaCK_2} = 43.80</msg>
<status status="PASS" starttime="20210224 10:18:04.145" endtime="20210224 10:18:04.165"></status>
</kw>
<kw name="Set Global Variable" library="BuiltIn">
<doc>Makes a variable available globally in all tests and suites.</doc>
<arguments>
<arg>${StocksID_success}</arg>
<arg>${maCK_2}</arg>
</arguments>
<msg timestamp="20210224 10:18:04.166" level="INFO">${StocksID_success} = BID</msg>
<status status="PASS" starttime="20210224 10:18:04.165" endtime="20210224 10:18:04.166"></status>
</kw>
<kw name="Set Global Variable" library="BuiltIn">
<doc>Makes a variable available globally in all tests and suites.</doc>
<arguments>
<arg>${Price_success}</arg>
<arg>${giaCK_2}</arg>
</arguments>
<msg timestamp="20210224 10:18:04.167" level="INFO">${Price_success} = 43.80</msg>
<status status="PASS" starttime="20210224 10:18:04.166" endtime="20210224 10:18:04.167"></status>
</kw>
<kw name="Should Be Equal" library="BuiltIn">
<doc>Fails if the given objects are unequal.</doc>
<arguments>
<arg>${StocksID_order}</arg>
<arg>${StocksID_success}</arg>
</arguments>
<status status="PASS" starttime="20210224 10:18:04.167" endtime="20210224 10:18:04.167"></status>
</kw>
<kw name="Should Be Equal" library="BuiltIn">
<doc>Fails if the given objects are unequal.</doc>
<arguments>
<arg>${Price_order}</arg>
<arg>${Price_success}</arg>
</arguments>
<status status="PASS" starttime="20210224 10:18:04.167" endtime="20210224 10:18:04.167"></status>
</kw>
<status status="PASS" starttime="20210224 10:18:04.104" endtime="20210224 10:18:04.167"></status>
</kw>
<kw name="Close Browser" library="SeleniumLibrary">
<doc>Closes the current browser.</doc>
<status status="PASS" starttime="20210224 10:18:04.169" endtime="20210224 10:18:06.546"></status>
</kw>
<tags>
<tag>Buy</tag>
</tags>
<status status="PASS" starttime="20210224 10:17:40.098" endtime="20210224 10:18:06.548" critical="yes"></status>
</test>
<doc>Suite description</doc>
<status status="PASS" starttime="20210224 10:17:39.142" endtime="20210224 10:18:06.552"></status>
</suite>
<statistics>
<total>
<stat pass="1" fail="0">Critical Tests</stat>
<stat pass="1" fail="0">All Tests</stat>
</total>
<tag>
<stat pass="1" fail="0">Buy</stat>
</tag>
<suite>
<stat pass="1" fail="0" id="s1" name="place Order">place Order</stat>
</suite>
</statistics>
<errors>
<msg timestamp="20210224 10:17:39.968" level="ERROR">Error in file 'G:\RobotFramework\robot_for_performance_UI\imports.robot': Importing test library 'G:\RobotFramework\robot_for_performance_UI\0_resources\pythonlibs\rsa_encryption.py' failed: ModuleNotFoundError: No module named 'Crypto'
Traceback (most recent call last):
  File "G:\RobotFramework\robot_for_performance_UI\0_resources\pythonlibs\rsa_encryption.py", line 1, in &lt;module&gt;
    from Crypto.PublicKey import RSA
PYTHONPATH:
  C:\Users\dongvd\AppData\Local\Programs\Python\Python39\Scripts\robot.exe
  c:\users\dongvd\appdata\local\programs\python\python39\python39.zip
  c:\users\dongvd\appdata\local\programs\python\python39\DLLs
  c:\users\dongvd\appdata\local\programs\python\python39\lib
  c:\users\dongvd\appdata\local\programs\python\python39
  C:\Users\dongvd\AppData\Roaming\Python\Python39\site-packages
  c:\users\dongvd\appdata\local\programs\python\python39\lib\site-packages</msg>
<msg timestamp="20210224 10:17:40.051" level="ERROR">Error in file 'G:\RobotFramework\robot_for_performance_UI\0_resources\imports.robot': Importing test library 'G:\RobotFramework\robot_for_performance_UI\0_resources\pythonlibs\rsa_encryption.py' failed: ModuleNotFoundError: No module named 'Crypto'
Traceback (most recent call last):
  File "G:\RobotFramework\robot_for_performance_UI\0_resources\pythonlibs\rsa_encryption.py", line 1, in &lt;module&gt;
    from Crypto.PublicKey import RSA
PYTHONPATH:
  C:\Users\dongvd\AppData\Local\Programs\Python\Python39\Scripts\robot.exe
  c:\users\dongvd\appdata\local\programs\python\python39\python39.zip
  c:\users\dongvd\appdata\local\programs\python\python39\DLLs
  c:\users\dongvd\appdata\local\programs\python\python39\lib
  c:\users\dongvd\appdata\local\programs\python\python39
  C:\Users\dongvd\AppData\Roaming\Python\Python39\site-packages
  c:\users\dongvd\appdata\local\programs\python\python39\lib\site-packages</msg>
</errors>
</robot>
