<?xml version="1.0" encoding="UTF-8"?>
<robot generator="Robot 3.1.1 (Python 3.9.1 on win32)" generated="20210222 14:27:42.793" rpa="false">
<suite id="s1" name="place Order" source="G:\RobotFramework\robot_for_performance_UI\5_test_cases\place_Order.robot">
<test id="s1-t1" name="Buy Stock Trading">
<kw name="[KW] Login" library="Login_Keywords">
<kw name="Open Browser" library="SeleniumLibrary">
<doc>Opens a new browser instance to the given ``url``.</doc>
<arguments>
<arg>${url}</arg>
<arg>${browser}</arg>
</arguments>
<msg timestamp="20210222 14:27:43.727" level="INFO">Opening browser 'chrome' to base url 'https://trading-uat.hsc.com.vn/'.</msg>
<status status="PASS" starttime="20210222 14:27:43.726" endtime="20210222 14:27:49.634"></status>
</kw>
<kw name="Maximize Browser Window" library="SeleniumLibrary">
<doc>Maximizes current browser window.</doc>
<status status="PASS" starttime="20210222 14:27:49.634" endtime="20210222 14:27:51.812"></status>
</kw>
<kw name="Click Element" library="SeleniumLibrary">
<doc>Click element identified by ``locator``.</doc>
<arguments>
<arg>${txt_Login}</arg>
</arguments>
<msg timestamp="20210222 14:27:51.813" level="INFO">Clicking element '//input[@class='ant-input ant-input-lg input-escape text-uppercase']'.</msg>
<status status="PASS" starttime="20210222 14:27:51.812" endtime="20210222 14:27:51.902"></status>
</kw>
<kw name="Input Text" library="SeleniumLibrary">
<doc>Types the given ``text`` into text field identified by ``locator``.</doc>
<arguments>
<arg>${txt_Login}</arg>
<arg>${USERNAME}</arg>
</arguments>
<msg timestamp="20210222 14:27:51.903" level="INFO">Typing text '005766' into text field '//input[@class='ant-input ant-input-lg input-escape text-uppercase']'.</msg>
<status status="PASS" starttime="20210222 14:27:51.902" endtime="20210222 14:27:52.016"></status>
</kw>
<kw name="Input Text" library="SeleniumLibrary">
<doc>Types the given ``text`` into text field identified by ``locator``.</doc>
<arguments>
<arg>${txt_Password}</arg>
<arg>${PASSWORD}</arg>
</arguments>
<msg timestamp="20210222 14:27:52.017" level="INFO">Typing text 'Test@1234' into text field '//input[@class='ant-input ant-input-lg input-escape passwords-mask ']'.</msg>
<status status="PASS" starttime="20210222 14:27:52.017" endtime="20210222 14:27:52.142"></status>
</kw>
<kw name="Click Element" library="SeleniumLibrary">
<doc>Click element identified by ``locator``.</doc>
<arguments>
<arg>${btn_Login}</arg>
</arguments>
<msg timestamp="20210222 14:27:52.143" level="INFO">Clicking element '//button[@class='ant-btn ant-btn-primary ant-btn-lg']'.</msg>
<status status="PASS" starttime="20210222 14:27:52.143" endtime="20210222 14:27:52.193"></status>
</kw>
<kw name="Sleep" library="BuiltIn">
<doc>Pauses the test executed for the given time.</doc>
<arguments>
<arg>5s</arg>
</arguments>
<msg timestamp="20210222 14:27:57.207" level="INFO">Slept 5 seconds</msg>
<status status="PASS" starttime="20210222 14:27:52.194" endtime="20210222 14:27:57.207"></status>
</kw>
<status status="PASS" starttime="20210222 14:27:43.726" endtime="20210222 14:27:57.208"></status>
</kw>
<kw name="[KW] Input Into Buy Stock Trading" library="Place_Order_Keywords">
<arguments>
<arg>${StocksID}</arg>
<arg>${Quantity}</arg>
<arg>${Price}</arg>
</arguments>
<kw name="[Common] - Input text into textbox" library="web_common_keywords">
<arguments>
<arg>${txt_StocksID}</arg>
<arg>${StocksID}</arg>
</arguments>
<kw name="Wait Until Keyword Succeeds" library="BuiltIn">
<doc>Runs the specified keyword and retries if it fails.</doc>
<arguments>
<arg>10s</arg>
<arg>1s</arg>
<arg>Element Should Be Visible</arg>
<arg>${textbox_loc}</arg>
</arguments>
<kw name="Element Should Be Visible" library="SeleniumLibrary">
<doc>Verifies that the element identified by ``locator`` is visible.</doc>
<arguments>
<arg>${textbox_loc}</arg>
</arguments>
<msg timestamp="20210222 14:27:57.241" level="INFO">Element '//input[@class="ant-input addon-input-locker"]' is displayed.</msg>
<status status="PASS" starttime="20210222 14:27:57.214" endtime="20210222 14:27:57.241"></status>
</kw>
<status status="PASS" starttime="20210222 14:27:57.212" endtime="20210222 14:27:57.241"></status>
</kw>
<kw name="Input Text" library="SeleniumLibrary">
<doc>Types the given ``text`` into text field identified by ``locator``.</doc>
<arguments>
<arg>${textbox_loc}</arg>
<arg>${text}</arg>
</arguments>
<msg timestamp="20210222 14:27:57.241" level="INFO">Typing text 'HCM' into text field '//input[@class="ant-input addon-input-locker"]'.</msg>
<status status="PASS" starttime="20210222 14:27:57.241" endtime="20210222 14:27:57.366"></status>
</kw>
<status status="PASS" starttime="20210222 14:27:57.211" endtime="20210222 14:27:57.366"></status>
</kw>
<kw name="[Common] - Input text into textbox" library="web_common_keywords">
<arguments>
<arg>${txt_Quantity}</arg>
<arg>${Quantity}</arg>
</arguments>
<kw name="Wait Until Keyword Succeeds" library="BuiltIn">
<doc>Runs the specified keyword and retries if it fails.</doc>
<arguments>
<arg>10s</arg>
<arg>1s</arg>
<arg>Element Should Be Visible</arg>
<arg>${textbox_loc}</arg>
</arguments>
<kw name="Element Should Be Visible" library="SeleniumLibrary">
<doc>Verifies that the element identified by ``locator`` is visible.</doc>
<arguments>
<arg>${textbox_loc}</arg>
</arguments>
<msg timestamp="20210222 14:27:57.391" level="INFO">Element '//input[@class="ant-input addon-input-locker text-lg"]' is displayed.</msg>
<status status="PASS" starttime="20210222 14:27:57.366" endtime="20210222 14:27:57.391"></status>
</kw>
<status status="PASS" starttime="20210222 14:27:57.366" endtime="20210222 14:27:57.391"></status>
</kw>
<kw name="Input Text" library="SeleniumLibrary">
<doc>Types the given ``text`` into text field identified by ``locator``.</doc>
<arguments>
<arg>${textbox_loc}</arg>
<arg>${text}</arg>
</arguments>
<msg timestamp="20210222 14:27:57.392" level="INFO">Typing text '10' into text field '//input[@class="ant-input addon-input-locker text-lg"]'.</msg>
<status status="PASS" starttime="20210222 14:27:57.392" endtime="20210222 14:27:57.470"></status>
</kw>
<status status="PASS" starttime="20210222 14:27:57.366" endtime="20210222 14:27:57.471"></status>
</kw>
<kw name="[Common] - Input text into textbox" library="web_common_keywords">
<arguments>
<arg>${txt_Price}</arg>
<arg>${Price}</arg>
</arguments>
<kw name="Wait Until Keyword Succeeds" library="BuiltIn">
<doc>Runs the specified keyword and retries if it fails.</doc>
<arguments>
<arg>10s</arg>
<arg>1s</arg>
<arg>Element Should Be Visible</arg>
<arg>${textbox_loc}</arg>
</arguments>
<kw name="Element Should Be Visible" library="SeleniumLibrary">
<doc>Verifies that the element identified by ``locator`` is visible.</doc>
<arguments>
<arg>${textbox_loc}</arg>
</arguments>
<msg timestamp="20210222 14:27:57.492" level="INFO">Element '//input[@class="ant-input inno-autocomplete-price addon-input-locker text-lg"]' is displayed.</msg>
<status status="PASS" starttime="20210222 14:27:57.472" endtime="20210222 14:27:57.492"></status>
</kw>
<status status="PASS" starttime="20210222 14:27:57.471" endtime="20210222 14:27:57.492"></status>
</kw>
<kw name="Input Text" library="SeleniumLibrary">
<doc>Types the given ``text`` into text field identified by ``locator``.</doc>
<arguments>
<arg>${textbox_loc}</arg>
<arg>${text}</arg>
</arguments>
<msg timestamp="20210222 14:27:57.493" level="INFO">Typing text '31' into text field '//input[@class="ant-input inno-autocomplete-price addon-input-locker text-lg"]'.</msg>
<status status="PASS" starttime="20210222 14:27:57.493" endtime="20210222 14:27:57.566"></status>
</kw>
<status status="PASS" starttime="20210222 14:27:57.471" endtime="20210222 14:27:57.566"></status>
</kw>
<status status="PASS" starttime="20210222 14:27:57.209" endtime="20210222 14:27:57.566"></status>
</kw>
<kw name="[KW] Click Button Buy" library="Place_Order_Keywords">
<kw name="Click Element" library="SeleniumLibrary">
<doc>Click element identified by ``locator``.</doc>
<arguments>
<arg>${btn_Buy}</arg>
</arguments>
<msg timestamp="20210222 14:27:57.568" level="INFO">Clicking element '//button[@class="ant-btn ant-btn-buy ant-btn-lg ant-btn-block"]'.</msg>
<status status="PASS" starttime="20210222 14:27:57.567" endtime="20210222 14:27:57.647"></status>
</kw>
<status status="PASS" starttime="20210222 14:27:57.567" endtime="20210222 14:27:57.647"></status>
</kw>
<status status="PASS" starttime="20210222 14:27:43.726" endtime="20210222 14:27:57.648" critical="yes"></status>
</test>
<doc>Suite description</doc>
<status status="PASS" starttime="20210222 14:27:42.793" endtime="20210222 14:27:57.650"></status>
</suite>
<statistics>
<total>
<stat pass="1" fail="0">Critical Tests</stat>
<stat pass="1" fail="0">All Tests</stat>
</total>
<tag>
</tag>
<suite>
<stat pass="1" fail="0" id="s1" name="place Order">place Order</stat>
</suite>
</statistics>
<errors>
<msg timestamp="20210222 14:27:43.593" level="ERROR">Error in file 'G:\RobotFramework\robot_for_performance_UI\imports.robot': Importing test library 'G:\RobotFramework\robot_for_performance_UI\0_resources\pythonlibs\rsa_encryption.py' failed: ModuleNotFoundError: No module named 'Crypto'
Traceback (most recent call last):
  File "G:\RobotFramework\robot_for_performance_UI\0_resources\pythonlibs\rsa_encryption.py", line 1, in &lt;module&gt;
    from Crypto.PublicKey import RSA
PYTHONPATH:
  C:\Users\dongvd\AppData\Local\Programs\Python\Python39\Scripts\robot.exe
  c:\users\dongvd\appdata\local\programs\python\python39\python39.zip
  c:\users\dongvd\appdata\local\programs\python\python39\DLLs
  c:\users\dongvd\appdata\local\programs\python\python39\lib
  c:\users\dongvd\appdata\local\programs\python\python39
  C:\Users\dongvd\AppData\Roaming\Python\Python39\site-packages
  c:\users\dongvd\appdata\local\programs\python\python39\lib\site-packages</msg>
<msg timestamp="20210222 14:27:43.687" level="ERROR">Error in file 'G:\RobotFramework\robot_for_performance_UI\0_resources\imports.robot': Importing test library 'G:\RobotFramework\robot_for_performance_UI\0_resources\pythonlibs\rsa_encryption.py' failed: ModuleNotFoundError: No module named 'Crypto'
Traceback (most recent call last):
  File "G:\RobotFramework\robot_for_performance_UI\0_resources\pythonlibs\rsa_encryption.py", line 1, in &lt;module&gt;
    from Crypto.PublicKey import RSA
PYTHONPATH:
  C:\Users\dongvd\AppData\Local\Programs\Python\Python39\Scripts\robot.exe
  c:\users\dongvd\appdata\local\programs\python\python39\python39.zip
  c:\users\dongvd\appdata\local\programs\python\python39\DLLs
  c:\users\dongvd\appdata\local\programs\python\python39\lib
  c:\users\dongvd\appdata\local\programs\python\python39
  C:\Users\dongvd\AppData\Roaming\Python\Python39\site-packages
  c:\users\dongvd\appdata\local\programs\python\python39\lib\site-packages</msg>
</errors>
</robot>
