<?xml version="1.0" encoding="UTF-8"?>
<robot generator="Robot 3.1.1 (Python 3.9.2 on win32)" generated="20210310 17:17:52.654" rpa="false">
<suite id="s1" name="Login Performance Ui" source="G:\RobotFramework\robot_for_performance_UI\5_test_cases\login_performance_ui.robot">
<test id="s1-t1" name="Login Test">
<kw name="[Common] - Open Chrome Browser with mode" library="web_common_keywords">
<arguments>
<arg>https://trading-uat.hsc.com.vn/</arg>
</arguments>
<kw name="Convert To Lowercase" library="String">
<doc>Converts string to lowercase.</doc>
<arguments>
<arg>${browser}</arg>
</arguments>
<assign>
<var>${browser}</var>
</assign>
<msg timestamp="20210310 17:17:53.843" level="INFO">${browser} = chrome</msg>
<status status="PASS" starttime="20210310 17:17:53.842" endtime="20210310 17:17:53.843"></status>
</kw>
<kw name="Convert To Boolean" library="BuiltIn">
<doc>Converts the given item to Boolean true or false.</doc>
<arguments>
<arg>true</arg>
</arguments>
<assign>
<var>${true}</var>
</assign>
<msg timestamp="20210310 17:17:53.843" level="INFO">${true} = True</msg>
<status status="PASS" starttime="20210310 17:17:53.843" endtime="20210310 17:17:53.843"></status>
</kw>
<kw name="Create List" library="BuiltIn">
<doc>Returns a list containing given items.</doc>
<arguments>
<arg>--no-sandbox</arg>
<arg>--headless</arg>
<arg>--ignore-certificate-errors</arg>
<arg>--disable-web-security</arg>
<arg>--disable-impl-side-painting</arg>
<arg>--enable-features=NetworkService,NetworkServiceInProcess</arg>
</arguments>
<assign>
<var>${list_options}</var>
</assign>
<msg timestamp="20210310 17:17:53.844" level="INFO">${list_options} = ['--no-sandbox', '--headless', '--ignore-certificate-errors', '--disable-web-security', '--disable-impl-side-painting', '--enable-features=NetworkService,NetworkServiceInProcess']</msg>
<status status="PASS" starttime="20210310 17:17:53.843" endtime="20210310 17:17:53.844"></status>
</kw>
<kw name="Create Dictionary" library="BuiltIn">
<doc>Creates and returns a dictionary based on the given ``items``.</doc>
<arguments>
<arg>args=${list_options}</arg>
</arguments>
<assign>
<var>${args}</var>
</assign>
<msg timestamp="20210310 17:17:53.844" level="INFO">${args} = {'args': ['--no-sandbox', '--headless', '--ignore-certificate-errors', '--disable-web-security', '--disable-impl-side-painting', '--enable-features=NetworkService,NetworkServiceInProcess']}</msg>
<status status="PASS" starttime="20210310 17:17:53.844" endtime="20210310 17:17:53.844"></status>
</kw>
<kw name="Create Dictionary" library="BuiltIn">
<doc>Creates and returns a dictionary based on the given ``items``.</doc>
<arguments>
<arg>acceptSslCerts=${true}</arg>
<arg>acceptInsecureCerts=${true}</arg>
<arg>ignore-certificate-errors=${true}</arg>
<arg>chromeOptions=${args}</arg>
</arguments>
<assign>
<var>${desired_capabilities}</var>
</assign>
<msg timestamp="20210310 17:17:53.845" level="INFO">${desired_capabilities} = {'acceptSslCerts': True, 'acceptInsecureCerts': True, 'ignore-certificate-errors': True, 'chromeOptions': {'args': ['--no-sandbox', '--headless', '--ignore-certificate-errors', '--disable-web-security...</msg>
<status status="PASS" starttime="20210310 17:17:53.845" endtime="20210310 17:17:53.845"></status>
</kw>
<kw name="Run Keyword If" library="BuiltIn">
<doc>Runs the given keyword with the given arguments, if ``condition`` is true.</doc>
<arguments>
<arg>'${browser}' == 'chrome'</arg>
<arg>Run Keywords</arg>
<arg>Open Browser</arg>
<arg>${url}</arg>
<arg>${browser}</arg>
<arg>AND</arg>
<arg>[Common] - Maximize browser size to fit screen</arg>
<arg>ELSE IF</arg>
<arg>'${browser}' == 'headlesschrome'</arg>
<arg>Run keywords</arg>
<arg>Open Browser</arg>
<arg>${url}</arg>
<arg>${browser}</arg>
<arg>desired_capabilities=${desired_capabilities}</arg>
<arg>AND</arg>
<arg>[Common] - Maximize browser size to fit screen</arg>
<arg>ELSE</arg>
<arg>should be true</arg>
<arg>${FALSE}</arg>
</arguments>
<kw name="Run Keywords" library="BuiltIn">
<doc>Executes all the given keywords in a sequence.</doc>
<arguments>
<arg>Open Browser</arg>
<arg>${url}</arg>
<arg>${browser}</arg>
<arg>AND</arg>
<arg>[Common] - Maximize browser size to fit screen</arg>
</arguments>
<kw name="Open Browser" library="SeleniumLibrary">
<doc>Opens a new browser instance to the given ``url``.</doc>
<arguments>
<arg>${url}</arg>
<arg>${browser}</arg>
</arguments>
<msg timestamp="20210310 17:17:53.846" level="INFO">Opening browser 'chrome' to base url 'https://trading-uat.hsc.com.vn/'.</msg>
<status status="PASS" starttime="20210310 17:17:53.846" endtime="20210310 17:17:59.601"></status>
</kw>
<kw name="[Common] - Maximize browser size to fit screen" library="web_common_keywords">
<kw name="Set Window Position" library="SeleniumLibrary">
<doc>Sets window position using ``x`` and ``y`` coordinates.</doc>
<arguments>
<arg>0</arg>
<arg>0</arg>
</arguments>
<status status="PASS" starttime="20210310 17:17:59.602" endtime="20210310 17:18:01.769"></status>
</kw>
<kw name="Set Window Size" library="SeleniumLibrary">
<doc>Sets current windows size to given ``width`` and ``height``.</doc>
<arguments>
<arg>1440</arg>
<arg>900</arg>
</arguments>
<status status="PASS" starttime="20210310 17:18:01.769" endtime="20210310 17:18:01.896"></status>
</kw>
<status status="PASS" starttime="20210310 17:17:59.602" endtime="20210310 17:18:01.896"></status>
</kw>
<status status="PASS" starttime="20210310 17:17:53.846" endtime="20210310 17:18:01.896"></status>
</kw>
<status status="PASS" starttime="20210310 17:17:53.845" endtime="20210310 17:18:01.896"></status>
</kw>
<status status="PASS" starttime="20210310 17:17:53.841" endtime="20210310 17:18:01.896"></status>
</kw>
<kw name="[Kw] - Input into Account and Password" library="Login_Keywords">
<arguments>
<arg>${USERNAME}</arg>
<arg>${PASSWORD}</arg>
</arguments>
<kw name="[Common] - Input text into textbox" library="web_common_keywords">
<arguments>
<arg>${txt_Login}</arg>
<arg>${USERNAME}</arg>
</arguments>
<kw name="Wait Until Keyword Succeeds" library="BuiltIn">
<doc>Runs the specified keyword and retries if it fails.</doc>
<arguments>
<arg>10s</arg>
<arg>1s</arg>
<arg>Element Should Be Visible</arg>
<arg>${textbox_loc}</arg>
</arguments>
<kw name="Element Should Be Visible" library="SeleniumLibrary">
<doc>Verifies that the element identified by ``locator`` is visible.</doc>
<arguments>
<arg>${textbox_loc}</arg>
</arguments>
<msg timestamp="20210310 17:18:01.923" level="INFO">Element '//input[@class='ant-input ant-input-lg input-escape text-uppercase']' is displayed.</msg>
<status status="PASS" starttime="20210310 17:18:01.898" endtime="20210310 17:18:01.923"></status>
</kw>
<status status="PASS" starttime="20210310 17:18:01.897" endtime="20210310 17:18:01.923"></status>
</kw>
<kw name="Input Text" library="SeleniumLibrary">
<doc>Types the given ``text`` into text field identified by ``locator``.</doc>
<arguments>
<arg>${textbox_loc}</arg>
<arg>${text}</arg>
</arguments>
<msg timestamp="20210310 17:18:01.923" level="INFO">Typing text '030454' into text field '//input[@class='ant-input ant-input-lg input-escape text-uppercase']'.</msg>
<status status="PASS" starttime="20210310 17:18:01.923" endtime="20210310 17:18:02.021"></status>
</kw>
<status status="PASS" starttime="20210310 17:18:01.897" endtime="20210310 17:18:02.021"></status>
</kw>
<kw name="[Common] - Input text into textbox" library="web_common_keywords">
<arguments>
<arg>${txt_Password}</arg>
<arg>${PASSWORD}</arg>
</arguments>
<kw name="Wait Until Keyword Succeeds" library="BuiltIn">
<doc>Runs the specified keyword and retries if it fails.</doc>
<arguments>
<arg>10s</arg>
<arg>1s</arg>
<arg>Element Should Be Visible</arg>
<arg>${textbox_loc}</arg>
</arguments>
<kw name="Element Should Be Visible" library="SeleniumLibrary">
<doc>Verifies that the element identified by ``locator`` is visible.</doc>
<arguments>
<arg>${textbox_loc}</arg>
</arguments>
<msg timestamp="20210310 17:18:02.045" level="INFO">Element '//input[@class='ant-input ant-input-lg input-escape passwords-mask ']' is displayed.</msg>
<status status="PASS" starttime="20210310 17:18:02.022" endtime="20210310 17:18:02.046"></status>
</kw>
<status status="PASS" starttime="20210310 17:18:02.022" endtime="20210310 17:18:02.046"></status>
</kw>
<kw name="Input Text" library="SeleniumLibrary">
<doc>Types the given ``text`` into text field identified by ``locator``.</doc>
<arguments>
<arg>${textbox_loc}</arg>
<arg>${text}</arg>
</arguments>
<msg timestamp="20210310 17:18:02.046" level="INFO">Typing text '123456' into text field '//input[@class='ant-input ant-input-lg input-escape passwords-mask ']'.</msg>
<status status="PASS" starttime="20210310 17:18:02.046" endtime="20210310 17:18:02.147"></status>
</kw>
<status status="PASS" starttime="20210310 17:18:02.022" endtime="20210310 17:18:02.148"></status>
</kw>
<status status="PASS" starttime="20210310 17:18:01.897" endtime="20210310 17:18:02.148"></status>
</kw>
<kw name="[Kw] - Click login button" library="Login_Keywords">
<kw name="[Common] - click element" library="web_common_keywords">
<arguments>
<arg>${btn_Login}</arg>
</arguments>
<kw name="Wait Until Keyword Succeeds" library="BuiltIn">
<doc>Runs the specified keyword and retries if it fails.</doc>
<arguments>
<arg>5s</arg>
<arg>1s</arg>
<arg>Wait Until Element Is Visible</arg>
<arg>${element_loc}</arg>
<arg>timeout=20s</arg>
<arg>error=Could not find ${element_loc} element.</arg>
</arguments>
<kw name="Wait Until Element Is Visible" library="SeleniumLibrary">
<doc>Waits until element ``locator`` is visible.</doc>
<arguments>
<arg>${element_loc}</arg>
<arg>timeout=20s</arg>
<arg>error=Could not find ${element_loc} element.</arg>
</arguments>
<status status="PASS" starttime="20210310 17:18:02.149" endtime="20210310 17:18:02.170"></status>
</kw>
<status status="PASS" starttime="20210310 17:18:02.149" endtime="20210310 17:18:02.170"></status>
</kw>
<kw name="Click Element" library="SeleniumLibrary">
<doc>Click element identified by ``locator``.</doc>
<arguments>
<arg>${element_loc}</arg>
</arguments>
<msg timestamp="20210310 17:18:02.170" level="INFO">Clicking element '//button[@class='ant-btn ant-btn-primary ant-btn-lg']'.</msg>
<status status="PASS" starttime="20210310 17:18:02.170" endtime="20210310 17:18:02.216"></status>
</kw>
<status status="PASS" starttime="20210310 17:18:02.149" endtime="20210310 17:18:02.217"></status>
</kw>
<status status="PASS" starttime="20210310 17:18:02.148" endtime="20210310 17:18:02.217"></status>
</kw>
<kw name="[Common] - Execute JavaScripts Wait Element Is Visible" library="web_common_keywords">
<doc>Execute JavaScripts Wait Element Is Visible</doc>
<arguments>
<arg>//div[@id='logo']</arg>
</arguments>
<kw name="Run Keyword And Return Status" library="BuiltIn">
<doc>Runs the given keyword with given arguments and returns the status as a Boolean value.</doc>
<arguments>
<arg>Wait Until Keyword Succeeds</arg>
<arg>5s</arg>
<arg>1s</arg>
<arg>Execute JavaScript</arg>
<arg>document.evaluate("${element_xpath}", document, null, XPathResult.ANY_TYPE, null).iterateNext().style.display</arg>
</arguments>
<assign>
<var>${isVisible}</var>
</assign>
<kw name="Wait Until Keyword Succeeds" library="BuiltIn">
<doc>Runs the specified keyword and retries if it fails.</doc>
<arguments>
<arg>5s</arg>
<arg>1s</arg>
<arg>Execute JavaScript</arg>
<arg>document.evaluate("${element_xpath}", document, null, XPathResult.ANY_TYPE, null).iterateNext().style.display</arg>
</arguments>
<kw name="Execute Javascript" library="SeleniumLibrary">
<doc>Executes the given JavaScript code with possible arguments.</doc>
<arguments>
<arg>document.evaluate("${element_xpath}", document, null, XPathResult.ANY_TYPE, null).iterateNext().style.display</arg>
</arguments>
<msg timestamp="20210310 17:18:02.220" level="INFO">Executing JavaScript:
document.evaluate("//div[@id='logo']", document, null, XPathResult.ANY_TYPE, null).iterateNext().style.display
Without any arguments.</msg>
<kw name="Capture Page Screenshot" library="SeleniumLibrary">
<doc>Takes screenshot of the current page and embeds it into log file.</doc>
<msg timestamp="20210310 17:18:02.850" level="INFO" html="yes">&lt;/td&gt;&lt;/tr&gt;&lt;tr&gt;&lt;td colspan="3"&gt;&lt;a href="selenium-screenshot-24.png"&gt;&lt;img src="selenium-screenshot-24.png" width="800px"&gt;&lt;/a&gt;</msg>
<status status="PASS" starttime="20210310 17:18:02.232" endtime="20210310 17:18:02.850"></status>
</kw>
<msg timestamp="20210310 17:18:02.852" level="FAIL">JavascriptException: Message: javascript error: Cannot read property 'style' of null
  (Session info: chrome=88.0.4324.190)
</msg>
<status status="FAIL" starttime="20210310 17:18:02.218" endtime="20210310 17:18:02.852"></status>
</kw>
<kw name="Execute Javascript" library="SeleniumLibrary">
<doc>Executes the given JavaScript code with possible arguments.</doc>
<arguments>
<arg>document.evaluate("${element_xpath}", document, null, XPathResult.ANY_TYPE, null).iterateNext().style.display</arg>
</arguments>
<msg timestamp="20210310 17:18:03.861" level="INFO">Executing JavaScript:
document.evaluate("//div[@id='logo']", document, null, XPathResult.ANY_TYPE, null).iterateNext().style.display
Without any arguments.</msg>
<status status="PASS" starttime="20210310 17:18:03.859" endtime="20210310 17:18:03.943"></status>
</kw>
<status status="PASS" starttime="20210310 17:18:02.218" endtime="20210310 17:18:03.943"></status>
</kw>
<msg timestamp="20210310 17:18:03.943" level="INFO">${isVisible} = True</msg>
<status status="PASS" starttime="20210310 17:18:02.218" endtime="20210310 17:18:03.944"></status>
</kw>
<kw name="Convert To Boolean" library="BuiltIn">
<doc>Converts the given item to Boolean true or false.</doc>
<arguments>
<arg>TRUE</arg>
</arguments>
<assign>
<var>${true}</var>
</assign>
<msg timestamp="20210310 17:18:03.944" level="INFO">${true} = True</msg>
<status status="PASS" starttime="20210310 17:18:03.944" endtime="20210310 17:18:03.944"></status>
</kw>
<kw name="Should Be Equal" library="BuiltIn">
<doc>Fails if the given objects are unequal.</doc>
<arguments>
<arg>${isVisible}</arg>
<arg>${true}</arg>
<arg>Element ${element_xpath} is not Visible !</arg>
</arguments>
<status status="PASS" starttime="20210310 17:18:03.944" endtime="20210310 17:18:03.945"></status>
</kw>
<status status="PASS" starttime="20210310 17:18:02.217" endtime="20210310 17:18:03.945"></status>
</kw>
<kw name="[KW] Select Price" library="Place_Order_Keywords">
<kw name="[Common] - click element" library="web_common_keywords">
<arguments>
<arg>${orderPrice}</arg>
</arguments>
<kw name="Wait Until Keyword Succeeds" library="BuiltIn">
<doc>Runs the specified keyword and retries if it fails.</doc>
<arguments>
<arg>5s</arg>
<arg>1s</arg>
<arg>Wait Until Element Is Visible</arg>
<arg>${element_loc}</arg>
<arg>timeout=20s</arg>
<arg>error=Could not find ${element_loc} element.</arg>
</arguments>
<kw name="Wait Until Element Is Visible" library="SeleniumLibrary">
<doc>Waits until element ``locator`` is visible.</doc>
<arguments>
<arg>${element_loc}</arg>
<arg>timeout=20s</arg>
<arg>error=Could not find ${element_loc} element.</arg>
</arguments>
<status status="PASS" starttime="20210310 17:18:03.946" endtime="20210310 17:18:04.203"></status>
</kw>
<status status="PASS" starttime="20210310 17:18:03.946" endtime="20210310 17:18:04.203"></status>
</kw>
<kw name="Click Element" library="SeleniumLibrary">
<doc>Click element identified by ``locator``.</doc>
<arguments>
<arg>${element_loc}</arg>
</arguments>
<msg timestamp="20210310 17:18:04.204" level="INFO">Clicking element '//div[@row-index="0"]//div[@col-id="LastPriceCol"]'.</msg>
<status status="PASS" starttime="20210310 17:18:04.203" endtime="20210310 17:18:04.414"></status>
</kw>
<status status="PASS" starttime="20210310 17:18:03.945" endtime="20210310 17:18:04.415"></status>
</kw>
<kw name="Get Text" library="SeleniumLibrary">
<doc>Returns the text value of element identified by ``locator``.</doc>
<arguments>
<arg>${orderPrice}</arg>
</arguments>
<assign>
<var>${giaCK_1}</var>
</assign>
<msg timestamp="20210310 17:18:05.225" level="INFO">${giaCK_1} = 42.00</msg>
<status status="PASS" starttime="20210310 17:18:04.415" endtime="20210310 17:18:05.225"></status>
</kw>
<kw name="Set Global Variable" library="BuiltIn">
<doc>Makes a variable available globally in all tests and suites.</doc>
<arguments>
<arg>${Price_order}</arg>
<arg>${giaCK_1}</arg>
</arguments>
<msg timestamp="20210310 17:18:05.225" level="INFO">${Price_order} = 42.00</msg>
<status status="PASS" starttime="20210310 17:18:05.225" endtime="20210310 17:18:05.225"></status>
</kw>
<status status="PASS" starttime="20210310 17:18:03.945" endtime="20210310 17:18:05.225"></status>
</kw>
<kw name="Get Text" library="SeleniumLibrary">
<doc>Returns the text value of element identified by ``locator``.</doc>
<arguments>
<arg>//span[@class="u last pointer"]</arg>
</arguments>
<assign>
<var>${Price_success}</var>
</assign>
<msg timestamp="20210310 17:18:05.289" level="INFO">${Price_success} = 42.00</msg>
<status status="PASS" starttime="20210310 17:18:05.234" endtime="20210310 17:18:05.289"></status>
</kw>
<kw name="Should Be Equal" library="BuiltIn">
<doc>Fails if the given objects are unequal.</doc>
<arguments>
<arg>${Price_order}</arg>
<arg>${Price_success}</arg>
</arguments>
<status status="PASS" starttime="20210310 17:18:05.290" endtime="20210310 17:18:05.290"></status>
</kw>
<status status="PASS" starttime="20210310 17:17:53.841" endtime="20210310 17:18:05.290" critical="yes"></status>
</test>
<doc>Suite description</doc>
<status status="PASS" starttime="20210310 17:17:52.654" endtime="20210310 17:18:05.295"></status>
</suite>
<statistics>
<total>
<stat pass="1" fail="0">Critical Tests</stat>
<stat pass="1" fail="0">All Tests</stat>
</total>
<tag>
</tag>
<suite>
<stat pass="1" fail="0" id="s1" name="Login Performance Ui">Login Performance Ui</stat>
</suite>
</statistics>
<errors>
<msg timestamp="20210310 17:17:53.691" level="ERROR">Error in file 'G:\RobotFramework\robot_for_performance_UI\imports.robot': Importing test library 'G:\RobotFramework\robot_for_performance_UI\0_resources\pythonlibs\rsa_encryption.py' failed: ModuleNotFoundError: No module named 'Crypto'
Traceback (most recent call last):
  File "G:\RobotFramework\robot_for_performance_UI\0_resources\pythonlibs\rsa_encryption.py", line 1, in &lt;module&gt;
    from Crypto.PublicKey import RSA
PYTHONPATH:
  C:\Users\dongvd\AppData\Local\Programs\Python\Python39\Scripts\robot.exe
  c:\users\dongvd\appdata\local\programs\python\python39\python39.zip
  c:\users\dongvd\appdata\local\programs\python\python39\DLLs
  c:\users\dongvd\appdata\local\programs\python\python39\lib
  c:\users\dongvd\appdata\local\programs\python\python39
  C:\Users\dongvd\AppData\Roaming\Python\Python39\site-packages
  c:\users\dongvd\appdata\local\programs\python\python39\lib\site-packages</msg>
<msg timestamp="20210310 17:17:53.788" level="ERROR">Error in file 'G:\RobotFramework\robot_for_performance_UI\0_resources\imports.robot': Importing test library 'G:\RobotFramework\robot_for_performance_UI\0_resources\pythonlibs\rsa_encryption.py' failed: ModuleNotFoundError: No module named 'Crypto'
Traceback (most recent call last):
  File "G:\RobotFramework\robot_for_performance_UI\0_resources\pythonlibs\rsa_encryption.py", line 1, in &lt;module&gt;
    from Crypto.PublicKey import RSA
PYTHONPATH:
  C:\Users\dongvd\AppData\Local\Programs\Python\Python39\Scripts\robot.exe
  c:\users\dongvd\appdata\local\programs\python\python39\python39.zip
  c:\users\dongvd\appdata\local\programs\python\python39\DLLs
  c:\users\dongvd\appdata\local\programs\python\python39\lib
  c:\users\dongvd\appdata\local\programs\python\python39
  C:\Users\dongvd\AppData\Roaming\Python\Python39\site-packages
  c:\users\dongvd\appdata\local\programs\python\python39\lib\site-packages</msg>
<msg timestamp="20210310 17:17:53.837" level="ERROR">Error in file 'G:\RobotFramework\robot_for_performance_UI\2_elements\HomePage.robot': Setting variable '${lb_Quantity}' failed: Variable '${Quantity}' not found. Did you mean:
    ${lb_Quantity}
    ${txt_Quantity}</msg>
</errors>
</robot>
