<?xml version="1.0" encoding="UTF-8"?>
<robot generator="Robot 3.1.1 (Python 3.7.3 on darwin)" generated="20210216 16:33:43.210" rpa="false">
<suite id="s1" name="Fake Test" source="/Users/admin/Documents/demo_UI_performance_test/5_test_cases/fake_test.robot">
<test id="s1-t1" name="Login Test">
<kw name="[Common] - Open Chrome Browser with mode" library="web_common_keywords">
<arguments>
<arg>https://google.com.vn</arg>
</arguments>
<kw name="Convert To Lowercase" library="String">
<doc>Converts string to lowercase.</doc>
<arguments>
<arg>${browser}</arg>
</arguments>
<assign>
<var>${browser}</var>
</assign>
<msg timestamp="20210216 16:33:46.041" level="INFO">${browser} = chrome</msg>
<status status="PASS" starttime="20210216 16:33:46.040" endtime="20210216 16:33:46.041"></status>
</kw>
<kw name="Convert To Boolean" library="BuiltIn">
<doc>Converts the given item to Boolean true or false.</doc>
<arguments>
<arg>true</arg>
</arguments>
<assign>
<var>${true}</var>
</assign>
<msg timestamp="20210216 16:33:46.041" level="INFO">${true} = True</msg>
<status status="PASS" starttime="20210216 16:33:46.041" endtime="20210216 16:33:46.041"></status>
</kw>
<kw name="Create List" library="BuiltIn">
<doc>Returns a list containing given items.</doc>
<arguments>
<arg>--no-sandbox</arg>
<arg>--headless</arg>
<arg>--ignore-certificate-errors</arg>
<arg>--disable-web-security</arg>
<arg>--disable-impl-side-painting</arg>
<arg>--enable-features=NetworkService,NetworkServiceInProcess</arg>
</arguments>
<assign>
<var>${list_options}</var>
</assign>
<msg timestamp="20210216 16:33:46.041" level="INFO">${list_options} = ['--no-sandbox', '--headless', '--ignore-certificate-errors', '--disable-web-security', '--disable-impl-side-painting', '--enable-features=NetworkService,NetworkServiceInProcess']</msg>
<status status="PASS" starttime="20210216 16:33:46.041" endtime="20210216 16:33:46.041"></status>
</kw>
<kw name="Create Dictionary" library="BuiltIn">
<doc>Creates and returns a dictionary based on the given ``items``.</doc>
<arguments>
<arg>args=${list_options}</arg>
</arguments>
<assign>
<var>${args}</var>
</assign>
<msg timestamp="20210216 16:33:46.042" level="INFO">${args} = {'args': ['--no-sandbox', '--headless', '--ignore-certificate-errors', '--disable-web-security', '--disable-impl-side-painting', '--enable-features=NetworkService,NetworkServiceInProcess']}</msg>
<status status="PASS" starttime="20210216 16:33:46.042" endtime="20210216 16:33:46.042"></status>
</kw>
<kw name="Create Dictionary" library="BuiltIn">
<doc>Creates and returns a dictionary based on the given ``items``.</doc>
<arguments>
<arg>acceptSslCerts=${true}</arg>
<arg>acceptInsecureCerts=${true}</arg>
<arg>ignore-certificate-errors=${true}</arg>
<arg>chromeOptions=${args}</arg>
</arguments>
<assign>
<var>${desired_capabilities}</var>
</assign>
<msg timestamp="20210216 16:33:46.043" level="INFO">${desired_capabilities} = {'acceptSslCerts': True, 'acceptInsecureCerts': True, 'ignore-certificate-errors': True, 'chromeOptions': {'args': ['--no-sandbox', '--headless', '--ignore-certificate-errors', '--disable-web-security...</msg>
<status status="PASS" starttime="20210216 16:33:46.042" endtime="20210216 16:33:46.043"></status>
</kw>
<kw name="Run Keyword If" library="BuiltIn">
<doc>Runs the given keyword with the given arguments, if ``condition`` is true.</doc>
<arguments>
<arg>'${browser}' == 'chrome'</arg>
<arg>Run Keywords</arg>
<arg>Open Browser</arg>
<arg>${url}</arg>
<arg>${browser}</arg>
<arg>AND</arg>
<arg>[Common] - Maximize browser size to fit screen</arg>
<arg>ELSE IF</arg>
<arg>'${browser}' == 'headlesschrome'</arg>
<arg>Run keywords</arg>
<arg>Open Browser</arg>
<arg>${url}</arg>
<arg>${browser}</arg>
<arg>desired_capabilities=${desired_capabilities}</arg>
<arg>AND</arg>
<arg>[Common] - Maximize browser size to fit screen</arg>
<arg>ELSE</arg>
<arg>should be true</arg>
<arg>${FALSE}</arg>
</arguments>
<kw name="Run Keywords" library="BuiltIn">
<doc>Executes all the given keywords in a sequence.</doc>
<arguments>
<arg>Open Browser</arg>
<arg>${url}</arg>
<arg>${browser}</arg>
<arg>AND</arg>
<arg>[Common] - Maximize browser size to fit screen</arg>
</arguments>
<kw name="Open Browser" library="SeleniumLibrary">
<doc>Opens a new browser instance to the given ``url``.</doc>
<arguments>
<arg>${url}</arg>
<arg>${browser}</arg>
</arguments>
<msg timestamp="20210216 16:33:46.044" level="INFO">Opening browser 'chrome' to base url 'https://google.com.vn'.</msg>
<status status="PASS" starttime="20210216 16:33:46.044" endtime="20210216 16:33:57.654"></status>
</kw>
<kw name="[Common] - Maximize browser size to fit screen" library="web_common_keywords">
<kw name="Set Window Position" library="SeleniumLibrary">
<doc>Sets window position using ``x`` and ``y`` coordinates.</doc>
<arguments>
<arg>0</arg>
<arg>0</arg>
</arguments>
<status status="PASS" starttime="20210216 16:33:57.656" endtime="20210216 16:33:57.768"></status>
</kw>
<kw name="Set Window Size" library="SeleniumLibrary">
<doc>Sets current windows size to given ``width`` and ``height``.</doc>
<arguments>
<arg>1440</arg>
<arg>900</arg>
</arguments>
<status status="PASS" starttime="20210216 16:33:57.769" endtime="20210216 16:33:58.027"></status>
</kw>
<status status="PASS" starttime="20210216 16:33:57.655" endtime="20210216 16:33:58.027"></status>
</kw>
<status status="PASS" starttime="20210216 16:33:46.043" endtime="20210216 16:33:58.027"></status>
</kw>
<status status="PASS" starttime="20210216 16:33:46.043" endtime="20210216 16:33:58.027"></status>
</kw>
<status status="PASS" starttime="20210216 16:33:46.040" endtime="20210216 16:33:58.027"></status>
</kw>
<kw name="[Common] - Input text into textbox" library="web_common_keywords">
<arguments>
<arg>//input[@name='q']</arg>
<arg>${URL}</arg>
</arguments>
<kw name="Wait Until Keyword Succeeds" library="BuiltIn">
<doc>Runs the specified keyword and retries if it fails.</doc>
<arguments>
<arg>10s</arg>
<arg>1s</arg>
<arg>Element Should Be Visible</arg>
<arg>${textbox_loc}</arg>
</arguments>
<kw name="Element Should Be Visible" library="SeleniumLibrary">
<doc>Verifies that the element identified by ``locator`` is visible.</doc>
<arguments>
<arg>${textbox_loc}</arg>
</arguments>
<msg timestamp="20210216 16:33:58.099" level="INFO">Element '//input[@name='q']' is displayed.</msg>
<status status="PASS" starttime="20210216 16:33:58.029" endtime="20210216 16:33:58.099"></status>
</kw>
<status status="PASS" starttime="20210216 16:33:58.028" endtime="20210216 16:33:58.100"></status>
</kw>
<kw name="Input Text" library="SeleniumLibrary">
<doc>Types the given ``text`` into text field identified by ``locator``.</doc>
<arguments>
<arg>${textbox_loc}</arg>
<arg>${text}</arg>
</arguments>
<msg timestamp="20210216 16:33:58.106" level="INFO">Typing text 'dantri.com.vn' into text field '//input[@name='q']'.</msg>
<status status="PASS" starttime="20210216 16:33:58.103" endtime="20210216 16:33:58.917"></status>
</kw>
<status status="PASS" starttime="20210216 16:33:58.028" endtime="20210216 16:33:58.917"></status>
</kw>
<kw name="Close Browser" library="SeleniumLibrary">
<doc>Closes the current browser.</doc>
<status status="PASS" starttime="20210216 16:33:58.918" endtime="20210216 16:33:59.262"></status>
</kw>
<status status="PASS" starttime="20210216 16:33:46.039" endtime="20210216 16:33:59.262" critical="yes"></status>
</test>
<doc>Suite description</doc>
<status status="PASS" starttime="20210216 16:33:43.212" endtime="20210216 16:33:59.265"></status>
</suite>
<statistics>
<total>
<stat pass="1" fail="0">Critical Tests</stat>
<stat pass="1" fail="0">All Tests</stat>
</total>
<tag>
</tag>
<suite>
<stat pass="1" fail="0" id="s1" name="Fake Test">Fake Test</stat>
</suite>
</statistics>
<errors>
</errors>
</robot>
