<?xml version="1.0" encoding="UTF-8"?>
<robot generator="Robot 3.1.1 (Python 3.8.5 on linux)" generated="20210219 09:32:01.898" rpa="false">
<suite id="s1" name="Fake Test" source="/home/giang/Documents/robot_ui_performance/robot_for_performance_UI/5_test_cases/fake_test.robot">
<test id="s1-t1" name="Login Test">
<kw name="[Common] - Open Chrome Browser with mode" library="web_common_keywords">
<arguments>
<arg>https://trading-uat.hsc.com.vn/</arg>
</arguments>
<kw name="Convert To Lowercase" library="String">
<doc>Converts string to lowercase.</doc>
<arguments>
<arg>${browser}</arg>
</arguments>
<assign>
<var>${browser}</var>
</assign>
<msg timestamp="20210219 09:32:02.879" level="INFO">${browser} = chrome</msg>
<status status="PASS" starttime="20210219 09:32:02.878" endtime="20210219 09:32:02.879"></status>
</kw>
<kw name="Convert To Boolean" library="BuiltIn">
<doc>Converts the given item to Boolean true or false.</doc>
<arguments>
<arg>true</arg>
</arguments>
<assign>
<var>${true}</var>
</assign>
<msg timestamp="20210219 09:32:02.879" level="INFO">${true} = True</msg>
<status status="PASS" starttime="20210219 09:32:02.879" endtime="20210219 09:32:02.879"></status>
</kw>
<kw name="Create List" library="BuiltIn">
<doc>Returns a list containing given items.</doc>
<arguments>
<arg>--no-sandbox</arg>
<arg>--headless</arg>
<arg>--ignore-certificate-errors</arg>
<arg>--disable-web-security</arg>
<arg>--disable-impl-side-painting</arg>
<arg>--enable-features=NetworkService,NetworkServiceInProcess</arg>
</arguments>
<assign>
<var>${list_options}</var>
</assign>
<msg timestamp="20210219 09:32:02.880" level="INFO">${list_options} = ['--no-sandbox', '--headless', '--ignore-certificate-errors', '--disable-web-security', '--disable-impl-side-painting', '--enable-features=NetworkService,NetworkServiceInProcess']</msg>
<status status="PASS" starttime="20210219 09:32:02.880" endtime="20210219 09:32:02.880"></status>
</kw>
<kw name="Create Dictionary" library="BuiltIn">
<doc>Creates and returns a dictionary based on the given ``items``.</doc>
<arguments>
<arg>args=${list_options}</arg>
</arguments>
<assign>
<var>${args}</var>
</assign>
<msg timestamp="20210219 09:32:02.881" level="INFO">${args} = {'args': ['--no-sandbox', '--headless', '--ignore-certificate-errors', '--disable-web-security', '--disable-impl-side-painting', '--enable-features=NetworkService,NetworkServiceInProcess']}</msg>
<status status="PASS" starttime="20210219 09:32:02.880" endtime="20210219 09:32:02.881"></status>
</kw>
<kw name="Create Dictionary" library="BuiltIn">
<doc>Creates and returns a dictionary based on the given ``items``.</doc>
<arguments>
<arg>acceptSslCerts=${true}</arg>
<arg>acceptInsecureCerts=${true}</arg>
<arg>ignore-certificate-errors=${true}</arg>
<arg>chromeOptions=${args}</arg>
</arguments>
<assign>
<var>${desired_capabilities}</var>
</assign>
<msg timestamp="20210219 09:32:02.882" level="INFO">${desired_capabilities} = {'acceptSslCerts': True, 'acceptInsecureCerts': True, 'ignore-certificate-errors': True, 'chromeOptions': {'args': ['--no-sandbox', '--headless', '--ignore-certificate-errors', '--disable-web-security...</msg>
<status status="PASS" starttime="20210219 09:32:02.881" endtime="20210219 09:32:02.882"></status>
</kw>
<kw name="Run Keyword If" library="BuiltIn">
<doc>Runs the given keyword with the given arguments, if ``condition`` is true.</doc>
<arguments>
<arg>'${browser}' == 'chrome'</arg>
<arg>Run Keywords</arg>
<arg>Open Browser</arg>
<arg>${url}</arg>
<arg>${browser}</arg>
<arg>AND</arg>
<arg>[Common] - Maximize browser size to fit screen</arg>
<arg>ELSE IF</arg>
<arg>'${browser}' == 'headlesschrome'</arg>
<arg>Run keywords</arg>
<arg>Open Browser</arg>
<arg>${url}</arg>
<arg>${browser}</arg>
<arg>desired_capabilities=${desired_capabilities}</arg>
<arg>AND</arg>
<arg>[Common] - Maximize browser size to fit screen</arg>
<arg>ELSE</arg>
<arg>should be true</arg>
<arg>${FALSE}</arg>
</arguments>
<kw name="Run Keywords" library="BuiltIn">
<doc>Executes all the given keywords in a sequence.</doc>
<arguments>
<arg>Open Browser</arg>
<arg>${url}</arg>
<arg>${browser}</arg>
<arg>AND</arg>
<arg>[Common] - Maximize browser size to fit screen</arg>
</arguments>
<kw name="Open Browser" library="SeleniumLibrary">
<doc>Opens a new browser instance to the given ``url``.</doc>
<arguments>
<arg>${url}</arg>
<arg>${browser}</arg>
</arguments>
<msg timestamp="20210219 09:32:02.885" level="INFO">Opening browser 'chrome' to base url 'https://trading-uat.hsc.com.vn/'.</msg>
<status status="PASS" starttime="20210219 09:32:02.884" endtime="20210219 09:32:11.815"></status>
</kw>
<kw name="[Common] - Maximize browser size to fit screen" library="web_common_keywords">
<kw name="Set Window Position" library="SeleniumLibrary">
<doc>Sets window position using ``x`` and ``y`` coordinates.</doc>
<arguments>
<arg>0</arg>
<arg>0</arg>
</arguments>
<status status="PASS" starttime="20210219 09:32:11.817" endtime="20210219 09:32:12.068"></status>
</kw>
<kw name="Set Window Size" library="SeleniumLibrary">
<doc>Sets current windows size to given ``width`` and ``height``.</doc>
<arguments>
<arg>1440</arg>
<arg>900</arg>
</arguments>
<status status="PASS" starttime="20210219 09:32:12.069" endtime="20210219 09:32:12.248"></status>
</kw>
<status status="PASS" starttime="20210219 09:32:11.816" endtime="20210219 09:32:12.248"></status>
</kw>
<status status="PASS" starttime="20210219 09:32:02.884" endtime="20210219 09:32:12.248"></status>
</kw>
<status status="PASS" starttime="20210219 09:32:02.882" endtime="20210219 09:32:12.248"></status>
</kw>
<status status="PASS" starttime="20210219 09:32:02.878" endtime="20210219 09:32:12.248"></status>
</kw>
<kw name="[Common] - Input text into textbox" library="web_common_keywords">
<arguments>
<arg>//input[@class='ant-input ant-input-lg input-escape text-uppercase']</arg>
<arg>${USERNAME}</arg>
</arguments>
<kw name="Wait Until Keyword Succeeds" library="BuiltIn">
<doc>Runs the specified keyword and retries if it fails.</doc>
<arguments>
<arg>10s</arg>
<arg>1s</arg>
<arg>Element Should Be Visible</arg>
<arg>${textbox_loc}</arg>
</arguments>
<kw name="Element Should Be Visible" library="SeleniumLibrary">
<doc>Verifies that the element identified by ``locator`` is visible.</doc>
<arguments>
<arg>${textbox_loc}</arg>
</arguments>
<kw name="Capture Page Screenshot" library="SeleniumLibrary">
<doc>Takes screenshot of the current page and embeds it into log file.</doc>
<msg timestamp="20210219 09:32:12.603" level="INFO" html="yes">&lt;/td&gt;&lt;/tr&gt;&lt;tr&gt;&lt;td colspan="3"&gt;&lt;a href="selenium-screenshot-1.png"&gt;&lt;img src="selenium-screenshot-1.png" width="800px"&gt;&lt;/a&gt;</msg>
<status status="PASS" starttime="20210219 09:32:12.322" endtime="20210219 09:32:12.604"></status>
</kw>
<msg timestamp="20210219 09:32:12.609" level="FAIL">Element with locator '//input[@class='ant-input ant-input-lg input-escape text-uppercase']' not found.</msg>
<status status="FAIL" starttime="20210219 09:32:12.250" endtime="20210219 09:32:12.610"></status>
</kw>
<kw name="Element Should Be Visible" library="SeleniumLibrary">
<doc>Verifies that the element identified by ``locator`` is visible.</doc>
<arguments>
<arg>${textbox_loc}</arg>
</arguments>
<kw name="Capture Page Screenshot" library="SeleniumLibrary">
<doc>Takes screenshot of the current page and embeds it into log file.</doc>
<msg timestamp="20210219 09:32:16.270" level="INFO" html="yes">&lt;/td&gt;&lt;/tr&gt;&lt;tr&gt;&lt;td colspan="3"&gt;&lt;a href="selenium-screenshot-2.png"&gt;&lt;img src="selenium-screenshot-2.png" width="800px"&gt;&lt;/a&gt;</msg>
<status status="PASS" starttime="20210219 09:32:14.880" endtime="20210219 09:32:16.271"></status>
</kw>
<msg timestamp="20210219 09:32:16.276" level="FAIL">Element with locator '//input[@class='ant-input ant-input-lg input-escape text-uppercase']' not found.</msg>
<status status="FAIL" starttime="20210219 09:32:13.610" endtime="20210219 09:32:16.277"></status>
</kw>
<kw name="Element Should Be Visible" library="SeleniumLibrary">
<doc>Verifies that the element identified by ``locator`` is visible.</doc>
<arguments>
<arg>${textbox_loc}</arg>
</arguments>
<msg timestamp="20210219 09:32:17.320" level="INFO">Element '//input[@class='ant-input ant-input-lg input-escape text-uppercase']' is displayed.</msg>
<status status="PASS" starttime="20210219 09:32:17.277" endtime="20210219 09:32:17.320"></status>
</kw>
<status status="PASS" starttime="20210219 09:32:12.249" endtime="20210219 09:32:17.320"></status>
</kw>
<kw name="Input Text" library="SeleniumLibrary">
<doc>Types the given ``text`` into text field identified by ``locator``.</doc>
<arguments>
<arg>${textbox_loc}</arg>
<arg>${text}</arg>
</arguments>
<msg timestamp="20210219 09:32:17.321" level="INFO">Typing text '0110360177' into text field '//input[@class='ant-input ant-input-lg input-escape text-uppercase']'.</msg>
<status status="PASS" starttime="20210219 09:32:17.321" endtime="20210219 09:32:17.570"></status>
</kw>
<status status="PASS" starttime="20210219 09:32:12.249" endtime="20210219 09:32:17.570"></status>
</kw>
<kw name="[Common] - Input text into textbox" library="web_common_keywords">
<arguments>
<arg>//input[@class='ant-input ant-input-lg input-escape passwords-mask ']</arg>
<arg>${PASSWORD}</arg>
</arguments>
<kw name="Wait Until Keyword Succeeds" library="BuiltIn">
<doc>Runs the specified keyword and retries if it fails.</doc>
<arguments>
<arg>10s</arg>
<arg>1s</arg>
<arg>Element Should Be Visible</arg>
<arg>${textbox_loc}</arg>
</arguments>
<kw name="Element Should Be Visible" library="SeleniumLibrary">
<doc>Verifies that the element identified by ``locator`` is visible.</doc>
<arguments>
<arg>${textbox_loc}</arg>
</arguments>
<msg timestamp="20210219 09:32:17.610" level="INFO">Element '//input[@class='ant-input ant-input-lg input-escape passwords-mask ']' is displayed.</msg>
<status status="PASS" starttime="20210219 09:32:17.571" endtime="20210219 09:32:17.610"></status>
</kw>
<status status="PASS" starttime="20210219 09:32:17.571" endtime="20210219 09:32:17.610"></status>
</kw>
<kw name="Input Text" library="SeleniumLibrary">
<doc>Types the given ``text`` into text field identified by ``locator``.</doc>
<arguments>
<arg>${textbox_loc}</arg>
<arg>${text}</arg>
</arguments>
<msg timestamp="20210219 09:32:17.611" level="INFO">Typing text '123456' into text field '//input[@class='ant-input ant-input-lg input-escape passwords-mask ']'.</msg>
<status status="PASS" starttime="20210219 09:32:17.610" endtime="20210219 09:32:17.759"></status>
</kw>
<status status="PASS" starttime="20210219 09:32:17.571" endtime="20210219 09:32:17.759"></status>
</kw>
<kw name="[Common] - click element" library="web_common_keywords">
<arguments>
<arg>//button[@class='ant-btn ant-btn-primary ant-btn-lg']</arg>
</arguments>
<kw name="Wait Until Keyword Succeeds" library="BuiltIn">
<doc>Runs the specified keyword and retries if it fails.</doc>
<arguments>
<arg>5s</arg>
<arg>1s</arg>
<arg>Wait Until Element Is Visible</arg>
<arg>${element_loc}</arg>
<arg>timeout=20s</arg>
<arg>error=Could not find ${element_loc} element.</arg>
</arguments>
<kw name="Wait Until Element Is Visible" library="SeleniumLibrary">
<doc>Waits until element ``locator`` is visible.</doc>
<arguments>
<arg>${element_loc}</arg>
<arg>timeout=20s</arg>
<arg>error=Could not find ${element_loc} element.</arg>
</arguments>
<status status="PASS" starttime="20210219 09:32:17.761" endtime="20210219 09:32:17.787"></status>
</kw>
<status status="PASS" starttime="20210219 09:32:17.760" endtime="20210219 09:32:17.787"></status>
</kw>
<kw name="Click Element" library="SeleniumLibrary">
<doc>Click element identified by ``locator``.</doc>
<arguments>
<arg>${element_loc}</arg>
</arguments>
<msg timestamp="20210219 09:32:17.788" level="INFO">Clicking element '//button[@class='ant-btn ant-btn-primary ant-btn-lg']'.</msg>
<status status="PASS" starttime="20210219 09:32:17.788" endtime="20210219 09:32:17.893"></status>
</kw>
<status status="PASS" starttime="20210219 09:32:17.760" endtime="20210219 09:32:17.894"></status>
</kw>
<kw name="[Common] - Execute JavaScripts Wait Element Is Visible" library="web_common_keywords">
<doc>Execute JavaScripts Wait Element Is Visible</doc>
<arguments>
<arg>//div[@id='logo']</arg>
</arguments>
<kw name="Run Keyword And Return Status" library="BuiltIn">
<doc>Runs the given keyword with given arguments and returns the status as a Boolean value.</doc>
<arguments>
<arg>Wait Until Keyword Succeeds</arg>
<arg>5s</arg>
<arg>1s</arg>
<arg>Execute JavaScript</arg>
<arg>document.evaluate("${element_xpath}", document, null, XPathResult.ANY_TYPE, null).iterateNext().style.display</arg>
</arguments>
<assign>
<var>${isVisible}</var>
</assign>
<kw name="Wait Until Keyword Succeeds" library="BuiltIn">
<doc>Runs the specified keyword and retries if it fails.</doc>
<arguments>
<arg>5s</arg>
<arg>1s</arg>
<arg>Execute JavaScript</arg>
<arg>document.evaluate("${element_xpath}", document, null, XPathResult.ANY_TYPE, null).iterateNext().style.display</arg>
</arguments>
<kw name="Execute Javascript" library="SeleniumLibrary">
<doc>Executes the given JavaScript code with possible arguments.</doc>
<arguments>
<arg>document.evaluate("${element_xpath}", document, null, XPathResult.ANY_TYPE, null).iterateNext().style.display</arg>
</arguments>
<msg timestamp="20210219 09:32:17.896" level="INFO">Executing JavaScript:
document.evaluate("//div[@id='logo']", document, null, XPathResult.ANY_TYPE, null).iterateNext().style.display
Without any arguments.</msg>
<kw name="Capture Page Screenshot" library="SeleniumLibrary">
<doc>Takes screenshot of the current page and embeds it into log file.</doc>
<msg timestamp="20210219 09:32:19.189" level="INFO" html="yes">&lt;/td&gt;&lt;/tr&gt;&lt;tr&gt;&lt;td colspan="3"&gt;&lt;a href="selenium-screenshot-3.png"&gt;&lt;img src="selenium-screenshot-3.png" width="800px"&gt;&lt;/a&gt;</msg>
<status status="PASS" starttime="20210219 09:32:17.903" endtime="20210219 09:32:19.190"></status>
</kw>
<msg timestamp="20210219 09:32:19.192" level="FAIL">JavascriptException: Message: javascript error: Cannot read property 'style' of null
  (Session info: chrome=88.0.4324.96)
</msg>
<status status="FAIL" starttime="20210219 09:32:17.895" endtime="20210219 09:32:19.200"></status>
</kw>
<kw name="Execute Javascript" library="SeleniumLibrary">
<doc>Executes the given JavaScript code with possible arguments.</doc>
<arguments>
<arg>document.evaluate("${element_xpath}", document, null, XPathResult.ANY_TYPE, null).iterateNext().style.display</arg>
</arguments>
<msg timestamp="20210219 09:32:20.203" level="INFO">Executing JavaScript:
document.evaluate("//div[@id='logo']", document, null, XPathResult.ANY_TYPE, null).iterateNext().style.display
Without any arguments.</msg>
<status status="PASS" starttime="20210219 09:32:20.202" endtime="20210219 09:32:21.736"></status>
</kw>
<status status="PASS" starttime="20210219 09:32:17.895" endtime="20210219 09:32:21.736"></status>
</kw>
<msg timestamp="20210219 09:32:21.737" level="INFO">${isVisible} = True</msg>
<status status="PASS" starttime="20210219 09:32:17.894" endtime="20210219 09:32:21.737"></status>
</kw>
<kw name="Convert To Boolean" library="BuiltIn">
<doc>Converts the given item to Boolean true or false.</doc>
<arguments>
<arg>TRUE</arg>
</arguments>
<assign>
<var>${true}</var>
</assign>
<msg timestamp="20210219 09:32:21.738" level="INFO">${true} = True</msg>
<status status="PASS" starttime="20210219 09:32:21.737" endtime="20210219 09:32:21.738"></status>
</kw>
<kw name="Should Be Equal" library="BuiltIn">
<doc>Fails if the given objects are unequal.</doc>
<arguments>
<arg>${isVisible}</arg>
<arg>${true}</arg>
<arg>Element ${element_xpath} is not Visible !</arg>
</arguments>
<status status="PASS" starttime="20210219 09:32:21.738" endtime="20210219 09:32:21.739"></status>
</kw>
<status status="PASS" starttime="20210219 09:32:17.894" endtime="20210219 09:32:21.739"></status>
</kw>
<kw name="Close Browser" library="SeleniumLibrary">
<doc>Closes the current browser.</doc>
<status status="PASS" starttime="20210219 09:32:21.740" endtime="20210219 09:32:21.874"></status>
</kw>
<status status="PASS" starttime="20210219 09:32:02.877" endtime="20210219 09:32:21.875" critical="yes"></status>
</test>
<doc>Suite description</doc>
<status status="PASS" starttime="20210219 09:32:01.899" endtime="20210219 09:32:21.876"></status>
</suite>
<statistics>
<total>
<stat pass="1" fail="0">Critical Tests</stat>
<stat pass="1" fail="0">All Tests</stat>
</total>
<tag>
</tag>
<suite>
<stat pass="1" fail="0" id="s1" name="Fake Test">Fake Test</stat>
</suite>
</statistics>
<errors>
</errors>
</robot>
