<?xml version="1.0" encoding="UTF-8"?>
<robot generator="Robot 3.1.1 (Python 3.8.5 on linux)" generated="20210219 09:32:01.864" rpa="false">
<suite id="s1" name="Fake Test" source="/home/giang/Documents/robot_ui_performance/robot_for_performance_UI/5_test_cases/fake_test.robot">
<test id="s1-t1" name="Login Test">
<kw name="[Common] - Open Chrome Browser with mode" library="web_common_keywords">
<arguments>
<arg>https://trading-uat.hsc.com.vn/</arg>
</arguments>
<kw name="Convert To Lowercase" library="String">
<doc>Converts string to lowercase.</doc>
<arguments>
<arg>${browser}</arg>
</arguments>
<assign>
<var>${browser}</var>
</assign>
<msg timestamp="20210219 09:32:02.746" level="INFO">${browser} = chrome</msg>
<status status="PASS" starttime="20210219 09:32:02.746" endtime="20210219 09:32:02.746"></status>
</kw>
<kw name="Convert To Boolean" library="BuiltIn">
<doc>Converts the given item to Boolean true or false.</doc>
<arguments>
<arg>true</arg>
</arguments>
<assign>
<var>${true}</var>
</assign>
<msg timestamp="20210219 09:32:02.747" level="INFO">${true} = True</msg>
<status status="PASS" starttime="20210219 09:32:02.747" endtime="20210219 09:32:02.747"></status>
</kw>
<kw name="Create List" library="BuiltIn">
<doc>Returns a list containing given items.</doc>
<arguments>
<arg>--no-sandbox</arg>
<arg>--headless</arg>
<arg>--ignore-certificate-errors</arg>
<arg>--disable-web-security</arg>
<arg>--disable-impl-side-painting</arg>
<arg>--enable-features=NetworkService,NetworkServiceInProcess</arg>
</arguments>
<assign>
<var>${list_options}</var>
</assign>
<msg timestamp="20210219 09:32:02.747" level="INFO">${list_options} = ['--no-sandbox', '--headless', '--ignore-certificate-errors', '--disable-web-security', '--disable-impl-side-painting', '--enable-features=NetworkService,NetworkServiceInProcess']</msg>
<status status="PASS" starttime="20210219 09:32:02.747" endtime="20210219 09:32:02.748"></status>
</kw>
<kw name="Create Dictionary" library="BuiltIn">
<doc>Creates and returns a dictionary based on the given ``items``.</doc>
<arguments>
<arg>args=${list_options}</arg>
</arguments>
<assign>
<var>${args}</var>
</assign>
<msg timestamp="20210219 09:32:02.749" level="INFO">${args} = {'args': ['--no-sandbox', '--headless', '--ignore-certificate-errors', '--disable-web-security', '--disable-impl-side-painting', '--enable-features=NetworkService,NetworkServiceInProcess']}</msg>
<status status="PASS" starttime="20210219 09:32:02.748" endtime="20210219 09:32:02.749"></status>
</kw>
<kw name="Create Dictionary" library="BuiltIn">
<doc>Creates and returns a dictionary based on the given ``items``.</doc>
<arguments>
<arg>acceptSslCerts=${true}</arg>
<arg>acceptInsecureCerts=${true}</arg>
<arg>ignore-certificate-errors=${true}</arg>
<arg>chromeOptions=${args}</arg>
</arguments>
<assign>
<var>${desired_capabilities}</var>
</assign>
<msg timestamp="20210219 09:32:02.751" level="INFO">${desired_capabilities} = {'acceptSslCerts': True, 'acceptInsecureCerts': True, 'ignore-certificate-errors': True, 'chromeOptions': {'args': ['--no-sandbox', '--headless', '--ignore-certificate-errors', '--disable-web-security...</msg>
<status status="PASS" starttime="20210219 09:32:02.749" endtime="20210219 09:32:02.751"></status>
</kw>
<kw name="Run Keyword If" library="BuiltIn">
<doc>Runs the given keyword with the given arguments, if ``condition`` is true.</doc>
<arguments>
<arg>'${browser}' == 'chrome'</arg>
<arg>Run Keywords</arg>
<arg>Open Browser</arg>
<arg>${url}</arg>
<arg>${browser}</arg>
<arg>AND</arg>
<arg>[Common] - Maximize browser size to fit screen</arg>
<arg>ELSE IF</arg>
<arg>'${browser}' == 'headlesschrome'</arg>
<arg>Run keywords</arg>
<arg>Open Browser</arg>
<arg>${url}</arg>
<arg>${browser}</arg>
<arg>desired_capabilities=${desired_capabilities}</arg>
<arg>AND</arg>
<arg>[Common] - Maximize browser size to fit screen</arg>
<arg>ELSE</arg>
<arg>should be true</arg>
<arg>${FALSE}</arg>
</arguments>
<kw name="Run Keywords" library="BuiltIn">
<doc>Executes all the given keywords in a sequence.</doc>
<arguments>
<arg>Open Browser</arg>
<arg>${url}</arg>
<arg>${browser}</arg>
<arg>AND</arg>
<arg>[Common] - Maximize browser size to fit screen</arg>
</arguments>
<kw name="Open Browser" library="SeleniumLibrary">
<doc>Opens a new browser instance to the given ``url``.</doc>
<arguments>
<arg>${url}</arg>
<arg>${browser}</arg>
</arguments>
<msg timestamp="20210219 09:32:02.753" level="INFO">Opening browser 'chrome' to base url 'https://trading-uat.hsc.com.vn/'.</msg>
<status status="PASS" starttime="20210219 09:32:02.753" endtime="20210219 09:32:12.526"></status>
</kw>
<kw name="[Common] - Maximize browser size to fit screen" library="web_common_keywords">
<kw name="Set Window Position" library="SeleniumLibrary">
<doc>Sets window position using ``x`` and ``y`` coordinates.</doc>
<arguments>
<arg>0</arg>
<arg>0</arg>
</arguments>
<status status="PASS" starttime="20210219 09:32:12.527" endtime="20210219 09:32:12.706"></status>
</kw>
<kw name="Set Window Size" library="SeleniumLibrary">
<doc>Sets current windows size to given ``width`` and ``height``.</doc>
<arguments>
<arg>1440</arg>
<arg>900</arg>
</arguments>
<status status="PASS" starttime="20210219 09:32:12.707" endtime="20210219 09:32:12.828"></status>
</kw>
<status status="PASS" starttime="20210219 09:32:12.526" endtime="20210219 09:32:12.829"></status>
</kw>
<status status="PASS" starttime="20210219 09:32:02.752" endtime="20210219 09:32:12.829"></status>
</kw>
<status status="PASS" starttime="20210219 09:32:02.751" endtime="20210219 09:32:12.829"></status>
</kw>
<status status="PASS" starttime="20210219 09:32:02.745" endtime="20210219 09:32:12.829"></status>
</kw>
<kw name="[Common] - Input text into textbox" library="web_common_keywords">
<arguments>
<arg>//input[@class='ant-input ant-input-lg input-escape text-uppercase']</arg>
<arg>${USERNAME}</arg>
</arguments>
<kw name="Wait Until Keyword Succeeds" library="BuiltIn">
<doc>Runs the specified keyword and retries if it fails.</doc>
<arguments>
<arg>10s</arg>
<arg>1s</arg>
<arg>Element Should Be Visible</arg>
<arg>${textbox_loc}</arg>
</arguments>
<kw name="Element Should Be Visible" library="SeleniumLibrary">
<doc>Verifies that the element identified by ``locator`` is visible.</doc>
<arguments>
<arg>${textbox_loc}</arg>
</arguments>
<kw name="Capture Page Screenshot" library="SeleniumLibrary">
<doc>Takes screenshot of the current page and embeds it into log file.</doc>
<msg timestamp="20210219 09:32:13.305" level="INFO" html="yes">&lt;/td&gt;&lt;/tr&gt;&lt;tr&gt;&lt;td colspan="3"&gt;&lt;a href="selenium-screenshot-1.png"&gt;&lt;img src="selenium-screenshot-1.png" width="800px"&gt;&lt;/a&gt;</msg>
<status status="PASS" starttime="20210219 09:32:12.863" endtime="20210219 09:32:13.306"></status>
</kw>
<msg timestamp="20210219 09:32:13.309" level="FAIL">Element with locator '//input[@class='ant-input ant-input-lg input-escape text-uppercase']' not found.</msg>
<status status="FAIL" starttime="20210219 09:32:12.831" endtime="20210219 09:32:13.309"></status>
</kw>
<kw name="Element Should Be Visible" library="SeleniumLibrary">
<doc>Verifies that the element identified by ``locator`` is visible.</doc>
<arguments>
<arg>${textbox_loc}</arg>
</arguments>
<kw name="Capture Page Screenshot" library="SeleniumLibrary">
<doc>Takes screenshot of the current page and embeds it into log file.</doc>
<msg timestamp="20210219 09:32:16.792" level="INFO" html="yes">&lt;/td&gt;&lt;/tr&gt;&lt;tr&gt;&lt;td colspan="3"&gt;&lt;a href="selenium-screenshot-2.png"&gt;&lt;img src="selenium-screenshot-2.png" width="800px"&gt;&lt;/a&gt;</msg>
<status status="PASS" starttime="20210219 09:32:15.117" endtime="20210219 09:32:16.792"></status>
</kw>
<msg timestamp="20210219 09:32:16.793" level="FAIL">Element with locator '//input[@class='ant-input ant-input-lg input-escape text-uppercase']' not found.</msg>
<status status="FAIL" starttime="20210219 09:32:14.310" endtime="20210219 09:32:16.794"></status>
</kw>
<kw name="Element Should Be Visible" library="SeleniumLibrary">
<doc>Verifies that the element identified by ``locator`` is visible.</doc>
<arguments>
<arg>${textbox_loc}</arg>
</arguments>
<msg timestamp="20210219 09:32:17.820" level="INFO">Element '//input[@class='ant-input ant-input-lg input-escape text-uppercase']' is displayed.</msg>
<status status="PASS" starttime="20210219 09:32:17.794" endtime="20210219 09:32:17.820"></status>
</kw>
<status status="PASS" starttime="20210219 09:32:12.830" endtime="20210219 09:32:17.820"></status>
</kw>
<kw name="Input Text" library="SeleniumLibrary">
<doc>Types the given ``text`` into text field identified by ``locator``.</doc>
<arguments>
<arg>${textbox_loc}</arg>
<arg>${text}</arg>
</arguments>
<msg timestamp="20210219 09:32:17.821" level="INFO">Typing text '0110337687' into text field '//input[@class='ant-input ant-input-lg input-escape text-uppercase']'.</msg>
<status status="PASS" starttime="20210219 09:32:17.820" endtime="20210219 09:32:18.186"></status>
</kw>
<status status="PASS" starttime="20210219 09:32:12.829" endtime="20210219 09:32:18.187"></status>
</kw>
<kw name="[Common] - Input text into textbox" library="web_common_keywords">
<arguments>
<arg>//input[@class='ant-input ant-input-lg input-escape passwords-mask ']</arg>
<arg>${PASSWORD}</arg>
</arguments>
<kw name="Wait Until Keyword Succeeds" library="BuiltIn">
<doc>Runs the specified keyword and retries if it fails.</doc>
<arguments>
<arg>10s</arg>
<arg>1s</arg>
<arg>Element Should Be Visible</arg>
<arg>${textbox_loc}</arg>
</arguments>
<kw name="Element Should Be Visible" library="SeleniumLibrary">
<doc>Verifies that the element identified by ``locator`` is visible.</doc>
<arguments>
<arg>${textbox_loc}</arg>
</arguments>
<msg timestamp="20210219 09:32:18.231" level="INFO">Element '//input[@class='ant-input ant-input-lg input-escape passwords-mask ']' is displayed.</msg>
<status status="PASS" starttime="20210219 09:32:18.189" endtime="20210219 09:32:18.231"></status>
</kw>
<status status="PASS" starttime="20210219 09:32:18.188" endtime="20210219 09:32:18.231"></status>
</kw>
<kw name="Input Text" library="SeleniumLibrary">
<doc>Types the given ``text`` into text field identified by ``locator``.</doc>
<arguments>
<arg>${textbox_loc}</arg>
<arg>${text}</arg>
</arguments>
<msg timestamp="20210219 09:32:18.232" level="INFO">Typing text '123456' into text field '//input[@class='ant-input ant-input-lg input-escape passwords-mask ']'.</msg>
<status status="PASS" starttime="20210219 09:32:18.231" endtime="20210219 09:32:18.513"></status>
</kw>
<status status="PASS" starttime="20210219 09:32:18.187" endtime="20210219 09:32:18.513"></status>
</kw>
<kw name="[Common] - click element" library="web_common_keywords">
<arguments>
<arg>//button[@class='ant-btn ant-btn-primary ant-btn-lg']</arg>
</arguments>
<kw name="Wait Until Keyword Succeeds" library="BuiltIn">
<doc>Runs the specified keyword and retries if it fails.</doc>
<arguments>
<arg>5s</arg>
<arg>1s</arg>
<arg>Wait Until Element Is Visible</arg>
<arg>${element_loc}</arg>
<arg>timeout=20s</arg>
<arg>error=Could not find ${element_loc} element.</arg>
</arguments>
<kw name="Wait Until Element Is Visible" library="SeleniumLibrary">
<doc>Waits until element ``locator`` is visible.</doc>
<arguments>
<arg>${element_loc}</arg>
<arg>timeout=20s</arg>
<arg>error=Could not find ${element_loc} element.</arg>
</arguments>
<status status="PASS" starttime="20210219 09:32:18.523" endtime="20210219 09:32:18.559"></status>
</kw>
<status status="PASS" starttime="20210219 09:32:18.522" endtime="20210219 09:32:18.559"></status>
</kw>
<kw name="Click Element" library="SeleniumLibrary">
<doc>Click element identified by ``locator``.</doc>
<arguments>
<arg>${element_loc}</arg>
</arguments>
<msg timestamp="20210219 09:32:18.561" level="INFO">Clicking element '//button[@class='ant-btn ant-btn-primary ant-btn-lg']'.</msg>
<status status="PASS" starttime="20210219 09:32:18.560" endtime="20210219 09:32:18.792"></status>
</kw>
<status status="PASS" starttime="20210219 09:32:18.514" endtime="20210219 09:32:18.793"></status>
</kw>
<kw name="[Common] - Execute JavaScripts Wait Element Is Visible" library="web_common_keywords">
<doc>Execute JavaScripts Wait Element Is Visible</doc>
<arguments>
<arg>//div[@id='logo']</arg>
</arguments>
<kw name="Run Keyword And Return Status" library="BuiltIn">
<doc>Runs the given keyword with given arguments and returns the status as a Boolean value.</doc>
<arguments>
<arg>Wait Until Keyword Succeeds</arg>
<arg>5s</arg>
<arg>1s</arg>
<arg>Execute JavaScript</arg>
<arg>document.evaluate("${element_xpath}", document, null, XPathResult.ANY_TYPE, null).iterateNext().style.display</arg>
</arguments>
<assign>
<var>${isVisible}</var>
</assign>
<kw name="Wait Until Keyword Succeeds" library="BuiltIn">
<doc>Runs the specified keyword and retries if it fails.</doc>
<arguments>
<arg>5s</arg>
<arg>1s</arg>
<arg>Execute JavaScript</arg>
<arg>document.evaluate("${element_xpath}", document, null, XPathResult.ANY_TYPE, null).iterateNext().style.display</arg>
</arguments>
<kw name="Execute Javascript" library="SeleniumLibrary">
<doc>Executes the given JavaScript code with possible arguments.</doc>
<arguments>
<arg>document.evaluate("${element_xpath}", document, null, XPathResult.ANY_TYPE, null).iterateNext().style.display</arg>
</arguments>
<msg timestamp="20210219 09:32:18.796" level="INFO">Executing JavaScript:
document.evaluate("//div[@id='logo']", document, null, XPathResult.ANY_TYPE, null).iterateNext().style.display
Without any arguments.</msg>
<kw name="Capture Page Screenshot" library="SeleniumLibrary">
<doc>Takes screenshot of the current page and embeds it into log file.</doc>
<msg timestamp="20210219 09:32:19.988" level="INFO" html="yes">&lt;/td&gt;&lt;/tr&gt;&lt;tr&gt;&lt;td colspan="3"&gt;&lt;a href="selenium-screenshot-3.png"&gt;&lt;img src="selenium-screenshot-3.png" width="800px"&gt;&lt;/a&gt;</msg>
<status status="PASS" starttime="20210219 09:32:18.826" endtime="20210219 09:32:19.989"></status>
</kw>
<msg timestamp="20210219 09:32:19.991" level="FAIL">JavascriptException: Message: javascript error: Cannot read property 'style' of null
  (Session info: chrome=88.0.4324.96)
</msg>
<status status="FAIL" starttime="20210219 09:32:18.796" endtime="20210219 09:32:19.991"></status>
</kw>
<kw name="Execute Javascript" library="SeleniumLibrary">
<doc>Executes the given JavaScript code with possible arguments.</doc>
<arguments>
<arg>document.evaluate("${element_xpath}", document, null, XPathResult.ANY_TYPE, null).iterateNext().style.display</arg>
</arguments>
<msg timestamp="20210219 09:32:20.993" level="INFO">Executing JavaScript:
document.evaluate("//div[@id='logo']", document, null, XPathResult.ANY_TYPE, null).iterateNext().style.display
Without any arguments.</msg>
<status status="PASS" starttime="20210219 09:32:20.992" endtime="20210219 09:32:23.257"></status>
</kw>
<status status="PASS" starttime="20210219 09:32:18.795" endtime="20210219 09:32:23.257"></status>
</kw>
<msg timestamp="20210219 09:32:23.257" level="INFO">${isVisible} = True</msg>
<status status="PASS" starttime="20210219 09:32:18.794" endtime="20210219 09:32:23.257"></status>
</kw>
<kw name="Convert To Boolean" library="BuiltIn">
<doc>Converts the given item to Boolean true or false.</doc>
<arguments>
<arg>TRUE</arg>
</arguments>
<assign>
<var>${true}</var>
</assign>
<msg timestamp="20210219 09:32:23.258" level="INFO">${true} = True</msg>
<status status="PASS" starttime="20210219 09:32:23.258" endtime="20210219 09:32:23.258"></status>
</kw>
<kw name="Should Be Equal" library="BuiltIn">
<doc>Fails if the given objects are unequal.</doc>
<arguments>
<arg>${isVisible}</arg>
<arg>${true}</arg>
<arg>Element ${element_xpath} is not Visible !</arg>
</arguments>
<status status="PASS" starttime="20210219 09:32:23.258" endtime="20210219 09:32:23.259"></status>
</kw>
<status status="PASS" starttime="20210219 09:32:18.793" endtime="20210219 09:32:23.263"></status>
</kw>
<kw name="Close Browser" library="SeleniumLibrary">
<doc>Closes the current browser.</doc>
<status status="PASS" starttime="20210219 09:32:23.263" endtime="20210219 09:32:23.342"></status>
</kw>
<status status="PASS" starttime="20210219 09:32:02.744" endtime="20210219 09:32:23.343" critical="yes"></status>
</test>
<doc>Suite description</doc>
<status status="PASS" starttime="20210219 09:32:01.865" endtime="20210219 09:32:23.345"></status>
</suite>
<statistics>
<total>
<stat pass="1" fail="0">Critical Tests</stat>
<stat pass="1" fail="0">All Tests</stat>
</total>
<tag>
</tag>
<suite>
<stat pass="1" fail="0" id="s1" name="Fake Test">Fake Test</stat>
</suite>
</statistics>
<errors>
</errors>
</robot>
